<?xml version="1.0" encoding="UTF-8"?>
<testsuite name="Compra de articulos" tests="1" skipped="0" failures="0" errors="0" timestamp="2020-02-10T06:18:37" hostname="CPX-1L7MBLEQHLT" time="24.277">
  <properties/>
  <testcase name="Como usuario existente y habilitado en el portal quiero realizar la compra de varios articulos para que los envíen a mi código postal" classname="Compra de articulos" time="24.277"/>
  <system-out><![CDATA[]]></system-out>
  <system-err><![CDATA[Feb 10, 2020 1:18:38 AM org.openqa.selenium.remote.DesiredCapabilities chrome
INFO: Using `new ChromeOptions()` is preferred to `DesiredCapabilities.chrome()`
Starting ChromeDriver 2.37.544315 (730aa6a5fdba159ac9f4c1e8cbc59bf1b5ce12b7) on port 45217
Only local connections are allowed.
Feb 10, 2020 1:18:48 AM org.openqa.selenium.remote.ProtocolHandshake createSession
INFO: Detected dialect: OSS
[Test worker] INFO net.serenitybdd.core.Serenity - 
        __    _____ _____ ____ _____   ____   _    ____  ____  _____ ____  
  _     \ \  |_   _| ____/ ___|_   _| |  _ \ / \  / ___|/ ___|| ____|  _ \ 
 (_)_____| |   | | |  _| \___ \ | |   | |_) / _ \ \___ \\___ \|  _| | | | |
  _|_____| |   | | | |___ ___) || |   |  __/ ___ \ ___) |___) | |___| |_| |
 (_)     | |   |_| |_____|____/ |_|   |_| /_/   \_\____/|____/|_____|____/ 
        /_/                                                                

TEST PASSED: Como usuario existente y habilitado en el portal quiero realizar la compra de varios articulos para que los envíen a mi código postal
----------------------------------------------------------------------------
]]></system-err>
</testsuite>
